<?xml version="1.0" encoding="UTF-8"?>
<testng-results skipped="0" failed="0" ignored="0" total="1" passed="1">
  <reporter-output>
  </reporter-output>
  <suite name="Default suite" duration-ms="8949" started-at="2020-03-20T18:18:36Z" finished-at="2020-03-20T18:18:45Z">
    <groups>
    </groups>
    <test name="Default test" duration-ms="8949" started-at="2020-03-20T18:18:36Z" finished-at="2020-03-20T18:18:45Z">
      <class name="com.interveiwpectice.SmartPac">
        <test-method status="PASS" signature="logIn()[pri:0, instance:com.interveiwpectice.SmartPac@727803de]" name="logIn" duration-ms="8922" started-at="2020-03-20T18:18:36Z" finished-at="2020-03-20T18:18:45Z">
          <reporter-output>
          </reporter-output>
        </test-method> <!-- logIn -->
      </class> <!-- com.interveiwpectice.SmartPac -->
    </test> <!-- Default test -->
  </suite> <!-- Default suite -->
</testng-results>
